<?xml version="1.0" encoding="UTF-8"?>
<!-- Generated by org.testng.reporters.JUnitReportReporter -->
<testsuite hostname="DESKTOP-H96QHDE" failures="0" tests="2" name="testscripts.Test1" time="0.054" errors="0" timestamp="2025-06-10T19:56:04 IST" skipped="0">
  <testcase classname="testscripts.Test1" name="testCase1" time="0.036"/>
  <testcase classname="testscripts.Test1" name="testCase2" time="0.018"/>
</testsuite> <!-- testscripts.Test1 -->
