<?xml version="1.0" encoding="UTF-8"?>
<!-- Generated by org.testng.reporters.JUnitReportReporter -->
<testsuite hostname="DESKTOP-H96QHDE" failures="0" tests="1" name="testscripts.ManageNewsTest" time="10.704" errors="0" timestamp="2025-06-20T05:52:15 IST" skipped="0">
  <testcase classname="testscripts.ManageNewsTest" name="verifyUserIsAbleToEnterTheNews" time="10.704"/>
</testsuite> <!-- testscripts.ManageNewsTest -->
