<?xml version="1.0" encoding="UTF-8"?>
<!-- Generated by org.testng.reporters.JUnitReportReporter -->
<testsuite hostname="DESKTOP-H96QHDE" failures="0" tests="1" name="testscripts.AdminUserTest" time="13.387" errors="0" timestamp="2025-06-20T05:17:22 IST" skipped="0">
  <testcase classname="testscripts.AdminUserTest" name="verifyAbleToCreateNewAdminUser" time="13.387"/>
</testsuite> <!-- testscripts.AdminUserTest -->
